<?xml version="1.0" encoding="UTF-8"?>
<!-- Generated by org.testng.reporters.JUnitReportReporter -->
<testsuite hostname="Bikash" failures="0" tests="1" name="com_TestCase.BaseClass" time="0.006" errors="0" timestamp="13 Jan 2020 16:46:47 GMT" skipped="0">
  <testcase classname="com_TestCase.BaseClass" name="SmokeTest" time="0.006"/>
</testsuite> <!-- com_TestCase.BaseClass -->
