<?xml version="1.0" encoding="UTF-8"?>
<!-- Generated by org.testng.reporters.JUnitReportReporter -->
<testsuite hostname="Bikash" failures="0" tests="3" name="com_TestCase.LoginPage_TestCase" time="11.780" errors="0" timestamp="13 Feb 2020 18:17:23 GMT" skipped="0">
  <testcase classname="com_TestCase.LoginPage_TestCase" name="loginPageTitleValidation" time="4.244"/>
  <testcase classname="com_TestCase.LoginPage_TestCase" name="LoginPageUIValidation" time="0.196"/>
  <testcase classname="com_TestCase.LoginPage_TestCase" name="LoginValidation" time="7.340"/>
</testsuite> <!-- com_TestCase.LoginPage_TestCase -->
