<?xml version="1.0" encoding="UTF-8"?>
<!-- Generated by org.testng.reporters.JUnitReportReporter -->
<testsuite skipped="0" hostname="Bikash" name="com_TestCase.LoginPage_TestCase" tests="3" failures="0" timestamp="13 Jul 2020 02:24:57 GMT" time="13.715" errors="0">
  <testcase name="loginPageTitleValidation" time="6.577" classname="com_TestCase.LoginPage_TestCase"/>
  <testcase name="LoginPageUIValidation" time="0.297" classname="com_TestCase.LoginPage_TestCase"/>
  <testcase name="LoginValidation" time="6.841" classname="com_TestCase.LoginPage_TestCase"/>
</testsuite> <!-- com_TestCase.LoginPage_TestCase -->
