<?xml version="1.0" encoding="UTF-8"?>
<!-- Generated by org.testng.reporters.JUnitReportReporter -->
<testsuite hostname="Bikash" failures="0" tests="1" name="com_TestCase.CombinedPage_TestCase" time="14.396" errors="0" timestamp="13 Feb 2020 17:37:33 GMT" skipped="0">
  <testcase classname="com_TestCase.CombinedPage_TestCase" name="backButtonValidation" time="14.396"/>
</testsuite> <!-- com_TestCase.CombinedPage_TestCase -->
