<?xml version="1.0" encoding="UTF-8"?>
<!-- Generated by org.testng.reporters.JUnitReportReporter -->
<testsuite skipped="0" hostname="Bikash" name="com_TestCase.LoginPage_TestCase" tests="3" failures="0" timestamp="10 Jul 2020 01:54:30 GMT" time="12.367" errors="0">
  <testcase name="loginPageTitleValidation" time="6.711" classname="com_TestCase.LoginPage_TestCase"/>
  <testcase name="LoginPageUIValidation" time="0.171" classname="com_TestCase.LoginPage_TestCase"/>
  <testcase name="LoginValidation" time="5.485" classname="com_TestCase.LoginPage_TestCase"/>
</testsuite> <!-- com_TestCase.LoginPage_TestCase -->
