<?xml version="1.0" encoding="UTF-8"?>
<!-- Generated by org.testng.reporters.JUnitReportReporter -->
<testsuite hostname="Bikash" failures="0" tests="3" name="com_TestCase.HomePage_TestCase" time="13.767" errors="0" timestamp="13 Feb 2020 17:37:33 GMT" skipped="0">
  <testcase classname="com_TestCase.HomePage_TestCase" name="companiesButtonPresentValidation" time="13.008"/>
  <testcase classname="com_TestCase.HomePage_TestCase" name="buttonsPresentValidation" time="0.470"/>
  <testcase classname="com_TestCase.HomePage_TestCase" name="CombinedButtonClickValidation" time="0.289"/>
</testsuite> <!-- com_TestCase.HomePage_TestCase -->
