<?xml version="1.0" encoding="UTF-8"?>
<!-- Generated by org.testng.reporters.JUnitReportReporter -->
<testsuite hostname="Bikash" failures="0" tests="3" name="com_TestCase.LoginPage_TestCase" time="12.454" errors="0" timestamp="13 Feb 2020 17:37:33 GMT" skipped="0">
  <testcase classname="com_TestCase.LoginPage_TestCase" name="loginPageTitleValidation" time="4.801"/>
  <testcase classname="com_TestCase.LoginPage_TestCase" name="LoginPageUIValidation" time="0.432"/>
  <testcase classname="com_TestCase.LoginPage_TestCase" name="LoginValidation" time="7.221"/>
</testsuite> <!-- com_TestCase.LoginPage_TestCase -->
